<?xml version="1.0" encoding="UTF-8"?>
<testng-results ignored="0" total="1" passed="1" failed="0" skipped="0">
  <reporter-output>
  </reporter-output>
  <suite started-at="2022-05-26T04:46:12 WEST" name="All Test Suite" finished-at="2022-05-26T04:46:56 WEST" duration-ms="44170">
    <groups>
      <group name="cucumber">
        <method signature="AbstractTestNGCucumberTests.runScenario(io.cucumber.testng.PickleWrapper,io.cucumber.testng.FeatureWrapper)[pri:0, instance:runners.Run@15c43bd9]" name="runScenario" class="io.cucumber.testng.AbstractTestNGCucumberTests"/>
      </group> <!-- cucumber -->
    </groups>
    <test started-at="2022-05-26T04:46:12 WEST" name="./" finished-at="2022-05-26T04:46:56 WEST" duration-ms="44170">
      <class name="runners.Run">
        <test-method is-config="true" signature="setUpClass(org.testng.ITestContext)[pri:0, instance:runners.Run@15c43bd9]" started-at="2022-05-26T04:46:12 WEST" name="setUpClass" finished-at="2022-05-26T04:46:12 WEST" duration-ms="405" status="PASS">
          <params>
            <param index="0">
              <value>
                <![CDATA[org.testng.TestRunner@26bbe604]]>
              </value>
            </param>
          </params>
          <reporter-output>
          </reporter-output>
        </test-method> <!-- setUpClass -->
        <test-method signature="runScenario(io.cucumber.testng.PickleWrapper,io.cucumber.testng.FeatureWrapper)[pri:0, instance:runners.Run@15c43bd9]" started-at="2022-05-26T04:46:12 WEST" name="runScenario" description="Runs Cucumber Scenarios" data-provider="scenarios" finished-at="2022-05-26T04:46:56 WEST" duration-ms="43703" status="PASS">
          <params>
            <param index="0">
              <value>
                <![CDATA[""]]>
              </value>
            </param>
            <param index="1">
              <value>
                <![CDATA["Guest Navigation Flow"]]>
              </value>
            </param>
          </params>
          <reporter-output>
          </reporter-output>
        </test-method> <!-- runScenario -->
        <test-method is-config="true" signature="tearDownClass()[pri:0, instance:runners.Run@15c43bd9]" started-at="2022-05-26T04:46:56 WEST" name="tearDownClass" finished-at="2022-05-26T04:46:56 WEST" duration-ms="12" status="PASS">
          <reporter-output>
          </reporter-output>
        </test-method> <!-- tearDownClass -->
      </class> <!-- runners.Run -->
    </test> <!-- ./ -->
  </suite> <!-- All Test Suite -->
</testng-results>
